TN:
SF:server.js
FN:28,(anonymous_0)
FN:33,(anonymous_1)
FN:39,(anonymous_2)
FNF:3
FNH:3
FNDA:1,(anonymous_0)
FNDA:1,(anonymous_1)
FNDA:1,(anonymous_2)
DA:3,1
DA:4,1
DA:9,1
DA:11,1
DA:17,1
DA:18,1
DA:22,1
DA:23,1
DA:28,1
DA:30,1
DA:31,1
DA:33,1
DA:39,1
DA:40,1
DA:43,1
LF:15
LH:15
BRF:0
BRH:0
end_of_record
TN:
SF:controllers/marcel.js
FN:8,(anonymous_0)
FN:12,(anonymous_1)
FN:18,(anonymous_2)
FN:22,(anonymous_3)
FN:28,(anonymous_4)
FNF:5
FNH:0
FNDA:0,(anonymous_0)
FNDA:0,(anonymous_1)
FNDA:0,(anonymous_2)
FNDA:0,(anonymous_3)
FNDA:0,(anonymous_4)
DA:8,1
DA:9,0
DA:12,1
DA:13,0
DA:15,0
DA:18,1
DA:19,0
DA:22,1
DA:23,0
DA:25,0
DA:28,1
DA:29,0
DA:31,0
LF:13
LH:5
BRF:0
BRH:0
end_of_record
TN:
SF:controllers/roger.js
FN:8,(anonymous_0)
FN:12,(anonymous_1)
FN:18,(anonymous_2)
FN:22,(anonymous_3)
FN:28,(anonymous_4)
FNF:5
FNH:0
FNDA:0,(anonymous_0)
FNDA:0,(anonymous_1)
FNDA:0,(anonymous_2)
FNDA:0,(anonymous_3)
FNDA:0,(anonymous_4)
DA:8,1
DA:9,0
DA:12,1
DA:13,0
DA:15,0
DA:18,1
DA:19,0
DA:22,1
DA:23,0
DA:25,0
DA:28,1
DA:29,0
DA:31,0
LF:13
LH:5
BRF:0
BRH:0
end_of_record
TN:
SF:routers/marcel.js
FN:12,(anonymous_0)
FNF:1
FNH:0
FNDA:0,(anonymous_0)
DA:3,1
DA:4,1
DA:8,1
DA:12,1
DA:13,0
DA:14,0
DA:15,0
DA:22,1
DA:24,1
DA:26,1
DA:28,1
DA:30,1
DA:32,1
LF:13
LH:10
BRF:0
BRH:0
end_of_record
TN:
SF:routers/roger.js
FN:12,(anonymous_0)
FNF:1
FNH:0
FNDA:0,(anonymous_0)
DA:3,1
DA:4,1
DA:8,1
DA:12,1
DA:13,0
DA:14,0
DA:15,0
DA:22,1
DA:24,1
DA:26,1
DA:28,1
DA:30,1
DA:32,1
LF:13
LH:10
BRF:0
BRH:0
end_of_record
